<?xml version="1.0" encoding="UTF-8"?>
<!-- Generated by org.testng.reporters.JUnitReportReporter -->
<testsuite skipped="0" hostname="LTPI0006" name="com.freecrm.tests.TC01_LoginTest" tests="1" failures="0" timestamp="25 Nov 2020 13:55:15 GMT" time="1.334" errors="0">
  <testcase name="verifyLogin" time="1.334" classname="com.freecrm.tests.TC01_LoginTest"/>
</testsuite> <!-- com.freecrm.tests.TC01_LoginTest -->
