<?xml version="1.0" encoding="UTF-8"?>
<!-- Generated by org.testng.reporters.JUnitReportReporter -->
<testsuite skipped="0" hostname="LTPI0006" name="com.freecrm.tests.Demo" tests="1" failures="0" timestamp="25 Nov 2020 07:36:02 GMT" time="0.046" errors="0">
  <testcase name="demoTest" time="0.046" classname="com.freecrm.tests.Demo"/>
</testsuite> <!-- com.freecrm.tests.Demo -->
